gatomic.c: In function 'g_atomic_int_get':
gatomic.c:116:41: warning: typedef '_GStaticAssertCompileTimeAssertion_0' locally defined but not used [-Wunused-local-typedefs]
   return g_atomic_int_get (atomic);
                                         ^
gatomic.c: In function 'g_atomic_int_set':
gatomic.c:135:34: warning: typedef '_GStaticAssertCompileTimeAssertion_1' locally defined but not used [-Wunused-local-typedefs]
   g_atomic_int_set (atomic, newval);
                                  ^
gatomic.c: In function 'g_atomic_int_inc':
gatomic.c:154:34: warning: typedef '_GStaticAssertCompileTimeAssertion_2' locally defined but not used [-Wunused-local-typedefs]
   g_atomic_int_inc (atomic);
                                  ^
gatomic.c: In function 'g_atomic_int_dec_and_test':
gatomic.c:175:41: warning: typedef '_GStaticAssertCompileTimeAssertion_3' locally defined but not used [-Wunused-local-typedefs]
   return g_atomic_int_dec_and_test (atomic);
                                         ^
gatomic.c: In function 'g_atomic_int_compare_and_exchange':
gatomic.c:203:41: warning: typedef '_GStaticAssertCompileTimeAssertion_4' locally defined but not used [-Wunused-local-typedefs]
   return g_atomic_int_compare_and_exchange (atomic, oldval, newval);
                                         ^
gatomic.c: In function 'g_atomic_int_add':
gatomic.c:229:41: warning: typedef '_GStaticAssertCompileTimeAssertion_5' locally defined but not used [-Wunused-local-typedefs]
   return g_atomic_int_add (atomic, val);
                                         ^
gatomic.c: In function 'g_atomic_int_and':
gatomic.c:253:41: warning: typedef '_GStaticAssertCompileTimeAssertion_6' locally defined but not used [-Wunused-local-typedefs]
   return g_atomic_int_and (atomic, val);
                                         ^
gatomic.c: In function 'g_atomic_int_or':
gatomic.c:277:41: warning: typedef '_GStaticAssertCompileTimeAssertion_7' locally defined but not used [-Wunused-local-typedefs]
   return g_atomic_int_or (atomic, val);
                                         ^
gatomic.c: In function 'g_atomic_int_xor':
gatomic.c:301:41: warning: typedef '_GStaticAssertCompileTimeAssertion_8' locally defined but not used [-Wunused-local-typedefs]
   return g_atomic_int_xor (atomic, val);
                                         ^
gatomic.c: In function 'g_atomic_pointer_get':
gatomic.c:321:41: warning: typedef '_GStaticAssertCompileTimeAssertion_9' locally defined but not used [-Wunused-local-typedefs]
   return g_atomic_pointer_get ((volatile gpointer *) atomic);
                                         ^
gatomic.c: In function 'g_atomic_pointer_set':
gatomic.c:340:34: warning: typedef '_GStaticAssertCompileTimeAssertion_10' locally defined but not used [-Wunused-local-typedefs]
   g_atomic_pointer_set ((volatile gpointer *) atomic, newval);
                                  ^
gatomic.c: In function 'g_atomic_pointer_compare_and_exchange':
gatomic.c:368:41: warning: typedef '_GStaticAssertCompileTimeAssertion_11' locally defined but not used [-Wunused-local-typedefs]
   return g_atomic_pointer_compare_and_exchange ((volatile gpointer *) atomic,
                                         ^
gatomic.c: In function 'g_atomic_pointer_add':
gatomic.c:392:41: warning: typedef '_GStaticAssertCompileTimeAssertion_12' locally defined but not used [-Wunused-local-typedefs]
   return g_atomic_pointer_add ((volatile gpointer *) atomic, val);
                                         ^
gatomic.c: In function 'g_atomic_pointer_and':
gatomic.c:416:41: warning: typedef '_GStaticAssertCompileTimeAssertion_13' locally defined but not used [-Wunused-local-typedefs]
   return g_atomic_pointer_and ((volatile gpointer *) atomic, val);
                                         ^
gatomic.c: In function 'g_atomic_pointer_or':
gatomic.c:440:41: warning: typedef '_GStaticAssertCompileTimeAssertion_14' locally defined but not used [-Wunused-local-typedefs]
   return g_atomic_pointer_or ((volatile gpointer *) atomic, val);
                                         ^
gatomic.c: In function 'g_atomic_pointer_xor':
gatomic.c:464:41: warning: typedef '_GStaticAssertCompileTimeAssertion_15' locally defined but not used [-Wunused-local-typedefs]
   return g_atomic_pointer_xor ((volatile gpointer *) atomic, val);
                                         ^
