gtlsinteraction.c: In function 'g_tls_interaction_get_type':
gtlsinteraction.c:106:524: warning: typedef '_GStaticAssertCompileTimeAssertion_0' locally defined but not used [-Wunused-local-typedefs]
 G_DEFINE_TYPE (GTlsInteraction, g_tls_interaction, G_TYPE_OBJECT);
                                                                                                                                                                                                                                                                                                                                                                                                                                                                                                                                            ^
gtlsinteraction.c:106:726: warning: typedef '_GStaticAssertCompileTimeAssertion_1' locally defined but not used [-Wunused-local-typedefs]
 G_DEFINE_TYPE (GTlsInteraction, g_tls_interaction, G_TYPE_OBJECT);
                                                                                                                                                                                                                                                                                                                                                                                                                                                                                                                                                                                                                                                                                                                                                      ^
gtlsinteraction.c:106:1303: warning: typedef '_GStaticAssertCompileTimeAssertion_2' locally defined but not used [-Wunused-local-typedefs]
 G_DEFINE_TYPE (GTlsInteraction, g_tls_interaction, G_TYPE_OBJECT);
                                                                                                                                                                                                                                                                                                                                                                                                                                                                                                                                                                                                                                                                                                                                                                                                                                                                                                                                                                                                                                                                                                                                                                                                                                                                                                                                                       ^
gtlsinteraction.c: In function 'invoke_closure_free':
gtlsinteraction.c:133:21: warning: typedef '_GStaticAssertCompileTimeAssertion_3' locally defined but not used [-Wunused-local-typedefs]
   g_clear_object (&closure->argument);
                     ^
gtlsinteraction.c:133:342: warning: typedef '_GStaticAssertCompileTimeAssertion_4' locally defined but not used [-Wunused-local-typedefs]
   g_clear_object (&closure->argument);
                                                                                                                                                                                                                                                                                                                                                      ^
gtlsinteraction.c:133:573: warning: typedef '_GStaticAssertCompileTimeAssertion_5' locally defined but not used [-Wunused-local-typedefs]
   g_clear_object (&closure->argument);
                                                                                                                                                                                                                                                                                                                                                                                                                                                                                                                                                                                             ^
gtlsinteraction.c:134:21: warning: typedef '_GStaticAssertCompileTimeAssertion_6' locally defined but not used [-Wunused-local-typedefs]
   g_clear_object (&closure->cancellable);
                     ^
gtlsinteraction.c:134:351: warning: typedef '_GStaticAssertCompileTimeAssertion_7' locally defined but not used [-Wunused-local-typedefs]
   g_clear_object (&closure->cancellable);
                                                                                                                                                                                                                                                                                                                                                               ^
gtlsinteraction.c:134:582: warning: typedef '_GStaticAssertCompileTimeAssertion_8' locally defined but not used [-Wunused-local-typedefs]
   g_clear_object (&closure->cancellable);
                                                                                                                                                                                                                                                                                                                                                                                                                                                                                                                                                                                                      ^
