gdbusobjectproxy.c: In function 'g_dbus_object_proxy_get_type':
gdbusobjectproxy.c:64:541: warning: typedef '_GStaticAssertCompileTimeAssertion_0' locally defined but not used [-Wunused-local-typedefs]
 G_DEFINE_TYPE_WITH_CODE (GDBusObjectProxy, g_dbus_object_proxy, G_TYPE_OBJECT,
                                                                                                                                                                                                                                                                                                                                                                                                                                                                                                                                                             ^
gdbusobjectproxy.c:64:743: warning: typedef '_GStaticAssertCompileTimeAssertion_1' locally defined but not used [-Wunused-local-typedefs]
 G_DEFINE_TYPE_WITH_CODE (GDBusObjectProxy, g_dbus_object_proxy, G_TYPE_OBJECT,
                                                                                                                                                                                                                                                                                                                                                                                                                                                                                                                                                                                                                                                                                                                                                                       ^
gdbusobjectproxy.c:64:1562: warning: typedef '_GStaticAssertCompileTimeAssertion_2' locally defined but not used [-Wunused-local-typedefs]
 G_DEFINE_TYPE_WITH_CODE (GDBusObjectProxy, g_dbus_object_proxy, G_TYPE_OBJECT,
                                                                                                                                                                                                                                                                                                                                                                                                                                                                                                                                                                                                                                                                                                                                                                                                                                                                                                                                                                                                                                                                                                                                                                                                                                                                                                                                                                                                                                                                                                                                                                                                                          ^
gdbusobjectproxy.c: In function 'g_dbus_object_proxy_finalize':
gdbusobjectproxy.c:74:21: warning: typedef '_GStaticAssertCompileTimeAssertion_3' locally defined but not used [-Wunused-local-typedefs]
   g_clear_object (&proxy->priv->connection);
                     ^
gdbusobjectproxy.c:74:360: warning: typedef '_GStaticAssertCompileTimeAssertion_4' locally defined but not used [-Wunused-local-typedefs]
   g_clear_object (&proxy->priv->connection);
                                                                                                                                                                                                                                                                                                                                                                        ^
gdbusobjectproxy.c:74:591: warning: typedef '_GStaticAssertCompileTimeAssertion_5' locally defined but not used [-Wunused-local-typedefs]
   g_clear_object (&proxy->priv->connection);
                                                                                                                                                                                                                                                                                                                                                                                                                                                                                                                                                                                                               ^
