/usr/share/gobject-introspection-1.0/tests/regress.c: In function 'regress_test_boxed_b_get_type':
/usr/share/gobject-introspection-1.0/tests/regress.c:1919:135: warning: typedef '_GStaticAssertCompileTimeAssertion_0' locally defined but not used [-Wunused-local-typedefs]
 G_DEFINE_BOXED_TYPE(RegressTestBoxedB,
                                                                                                                                       ^
/usr/share/gobject-introspection-1.0/tests/regress.c:1919:337: warning: typedef '_GStaticAssertCompileTimeAssertion_1' locally defined but not used [-Wunused-local-typedefs]
 G_DEFINE_BOXED_TYPE(RegressTestBoxedB,
                                                                                                                                                                                                                                                                                                                                                 ^
/usr/share/gobject-introspection-1.0/tests/regress.c:1919:1174: warning: typedef '_GStaticAssertCompileTimeAssertion_2' locally defined but not used [-Wunused-local-typedefs]
 G_DEFINE_BOXED_TYPE(RegressTestBoxedB,
                                                                                                                                                                                                                                                                                                                                                                                                                                                                                                                                                                                                                                                                                                                                                                                                                                                                                                                                                                                                                                                                                                                                                                                                                      ^
/usr/share/gobject-introspection-1.0/tests/regress.c: In function 'regress_test_boxed_c_ref':
/usr/share/gobject-introspection-1.0/tests/regress.c:1939:34: warning: typedef '_GStaticAssertCompileTimeAssertion_3' locally defined but not used [-Wunused-local-typedefs]
   g_atomic_int_inc (&boxed->refcount);
                                  ^
/usr/share/gobject-introspection-1.0/tests/regress.c: In function 'regress_test_boxed_c_unref':
/usr/share/gobject-introspection-1.0/tests/regress.c:1946:38: warning: typedef '_GStaticAssertCompileTimeAssertion_4' locally defined but not used [-Wunused-local-typedefs]
   if (g_atomic_int_dec_and_test (&boxed->refcount)) {
                                      ^
/usr/share/gobject-introspection-1.0/tests/regress.c: In function 'regress_test_boxed_c_get_type':
/usr/share/gobject-introspection-1.0/tests/regress.c:1951:135: warning: typedef '_GStaticAssertCompileTimeAssertion_5' locally defined but not used [-Wunused-local-typedefs]
 G_DEFINE_BOXED_TYPE(RegressTestBoxedC,
                                                                                                                                       ^
/usr/share/gobject-introspection-1.0/tests/regress.c:1951:337: warning: typedef '_GStaticAssertCompileTimeAssertion_6' locally defined but not used [-Wunused-local-typedefs]
 G_DEFINE_BOXED_TYPE(RegressTestBoxedC,
                                                                                                                                                                                                                                                                                                                                                 ^
/usr/share/gobject-introspection-1.0/tests/regress.c:1951:1174: warning: typedef '_GStaticAssertCompileTimeAssertion_7' locally defined but not used [-Wunused-local-typedefs]
 G_DEFINE_BOXED_TYPE(RegressTestBoxedC,
                                                                                                                                                                                                                                                                                                                                                                                                                                                                                                                                                                                                                                                                                                                                                                                                                                                                                                                                                                                                                                                                                                                                                                                                                      ^
/usr/share/gobject-introspection-1.0/tests/regress.c: In function 'regress_test_obj_get_type':
/usr/share/gobject-introspection-1.0/tests/regress.c:1956:514: warning: typedef '_GStaticAssertCompileTimeAssertion_8' locally defined but not used [-Wunused-local-typedefs]
 G_DEFINE_TYPE(RegressTestObj, regress_test_obj, G_TYPE_OBJECT);
                                                                                                                                                                                                                                                                                                                                                                                                                                                                                                                                  ^
/usr/share/gobject-introspection-1.0/tests/regress.c:1956:716: warning: typedef '_GStaticAssertCompileTimeAssertion_9' locally defined but not used [-Wunused-local-typedefs]
 G_DEFINE_TYPE(RegressTestObj, regress_test_obj, G_TYPE_OBJECT);
                                                                                                                                                                                                                                                                                                                                                                                                                                                                                                                                                                                                                                                                                                                                            ^
/usr/share/gobject-introspection-1.0/tests/regress.c:1956:1288: warning: typedef '_GStaticAssertCompileTimeAssertion_10' locally defined but not used [-Wunused-local-typedefs]
 G_DEFINE_TYPE(RegressTestObj, regress_test_obj, G_TYPE_OBJECT);
                                                                                                                                                                                                                                                                                                                                                                                                                                                                                                                                                                                                                                                                                                                                                                                                                                                                                                                                                                                                                                                                                                                                                                                                                                                                                                                                        ^
/usr/share/gobject-introspection-1.0/tests/regress.c: In function 'regress_test_sub_obj_get_type':
/usr/share/gobject-introspection-1.0/tests/regress.c:2893:551: warning: typedef '_GStaticAssertCompileTimeAssertion_11' locally defined but not used [-Wunused-local-typedefs]
 G_DEFINE_TYPE(RegressTestSubObj, regress_test_sub_obj, REGRESS_TEST_TYPE_OBJ);
                                                                                                                                                                                                                                                                                                                                                                                                                                                                                                                                                                       ^
/usr/share/gobject-introspection-1.0/tests/regress.c:2893:754: warning: typedef '_GStaticAssertCompileTimeAssertion_12' locally defined but not used [-Wunused-local-typedefs]
 G_DEFINE_TYPE(RegressTestSubObj, regress_test_sub_obj, REGRESS_TEST_TYPE_OBJ);
                                                                                                                                                                                                                                                                                                                                                                                                                                                                                                                                                                                                                                                                                                                                                                                  ^
/usr/share/gobject-introspection-1.0/tests/regress.c:2893:1351: warning: typedef '_GStaticAssertCompileTimeAssertion_13' locally defined but not used [-Wunused-local-typedefs]
 G_DEFINE_TYPE(RegressTestSubObj, regress_test_sub_obj, REGRESS_TEST_TYPE_OBJ);
                                                                                                                                                                                                                                                                                                                                                                                                                                                                                                                                                                                                                                                                                                                                                                                                                                                                                                                                                                                                                                                                                                                                                                                                                                                                                                                                                                                                       ^
/usr/share/gobject-introspection-1.0/tests/regress.c: In function 'regress_test_fundamental_object_ref':
/usr/share/gobject-introspection-1.0/tests/regress.c:2934:34: warning: typedef '_GStaticAssertCompileTimeAssertion_14' locally defined but not used [-Wunused-local-typedefs]
   g_atomic_int_inc (&fundamental_object->refcount);
                                  ^
/usr/share/gobject-introspection-1.0/tests/regress.c: In function 'regress_test_fundamental_object_free':
/usr/share/gobject-introspection-1.0/tests/regress.c:2948:99: warning: typedef '_GStaticAssertCompileTimeAssertion_15' locally defined but not used [-Wunused-local-typedefs]
   if (G_LIKELY (g_atomic_int_dec_and_test (&fundamental_object->refcount))) {
                                                                                                   ^
/usr/share/gobject-introspection-1.0/tests/regress.c: In function 'regress_test_fundamental_object_unref':
/usr/share/gobject-introspection-1.0/tests/regress.c:2959:99: warning: typedef '_GStaticAssertCompileTimeAssertion_16' locally defined but not used [-Wunused-local-typedefs]
   if (G_UNLIKELY (g_atomic_int_dec_and_test (&fundamental_object->refcount))) {
                                                                                                   ^
/usr/share/gobject-introspection-1.0/tests/regress.c: In function 'regress_test_fundamental_object_replace':
/usr/share/gobject-introspection-1.0/tests/regress.c:2971:48: warning: typedef '_GStaticAssertCompileTimeAssertion_17' locally defined but not used [-Wunused-local-typedefs]
   olddata_val = g_atomic_pointer_get ((gpointer *) olddata);
                                                ^
/usr/share/gobject-introspection-1.0/tests/regress.c:2979:42: warning: typedef '_GStaticAssertCompileTimeAssertion_18' locally defined but not used [-Wunused-local-typedefs]
   while (!g_atomic_pointer_compare_and_exchange ((gpointer *) olddata,
                                          ^
/usr/share/gobject-introspection-1.0/tests/regress.c:2981:50: warning: typedef '_GStaticAssertCompileTimeAssertion_19' locally defined but not used [-Wunused-local-typedefs]
     olddata_val = g_atomic_pointer_get ((gpointer *) olddata);
                                                  ^
/usr/share/gobject-introspection-1.0/tests/regress.c: In function 'regress_test_fundamental_sub_object_get_type':
/usr/share/gobject-introspection-1.0/tests/regress.c:3171:698: warning: typedef '_GStaticAssertCompileTimeAssertion_20' locally defined but not used [-Wunused-local-typedefs]
 G_DEFINE_TYPE (RegressTestFundamentalSubObject, regress_test_fundamental_sub_object, REGRESS_TEST_TYPE_FUNDAMENTAL_OBJECT);
                                                                                                                                                                                                                                                                                                                                                                                                                                                                                                                                                                                                                                                                                                                          ^
/usr/share/gobject-introspection-1.0/tests/regress.c:3171:901: warning: typedef '_GStaticAssertCompileTimeAssertion_21' locally defined but not used [-Wunused-local-typedefs]
 G_DEFINE_TYPE (RegressTestFundamentalSubObject, regress_test_fundamental_sub_object, REGRESS_TEST_TYPE_FUNDAMENTAL_OBJECT);
                                                                                                                                                                                                                                                                                                                                                                                                                                                                                                                                                                                                                                                                                                                                                                                                                                                                                                                                     ^
/usr/share/gobject-introspection-1.0/tests/regress.c:3171:1584: warning: typedef '_GStaticAssertCompileTimeAssertion_22' locally defined but not used [-Wunused-local-typedefs]
 G_DEFINE_TYPE (RegressTestFundamentalSubObject, regress_test_fundamental_sub_object, REGRESS_TEST_TYPE_FUNDAMENTAL_OBJECT);
                                                                                                                                                                                                                                                                                                                                                                                                                                                                                                                                                                                                                                                                                                                                                                                                                                                                                                                                                                                                                                                                                                                                                                                                                                                                                                                                                                                                                                                                                                                                                                                                                                                ^
/usr/share/gobject-introspection-1.0/tests/regress.c: In function 'regress_test_interface_get_type':
/usr/share/gobject-introspection-1.0/tests/regress.c:3525:225: warning: typedef '_GStaticAssertCompileTimeAssertion_23' locally defined but not used [-Wunused-local-typedefs]
 G_DEFINE_INTERFACE (RegressTestInterface, regress_test_interface, G_TYPE_OBJECT)
                                                                                                                                                                                                                                 ^
/usr/share/gobject-introspection-1.0/tests/regress.c:3525:428: warning: typedef '_GStaticAssertCompileTimeAssertion_24' locally defined but not used [-Wunused-local-typedefs]
 G_DEFINE_INTERFACE (RegressTestInterface, regress_test_interface, G_TYPE_OBJECT)
                                                                                                                                                                                                                                                                                                                                                                                                                                            ^
/usr/share/gobject-introspection-1.0/tests/regress.c:3525:1090: warning: typedef '_GStaticAssertCompileTimeAssertion_25' locally defined but not used [-Wunused-local-typedefs]
 G_DEFINE_INTERFACE (RegressTestInterface, regress_test_interface, G_TYPE_OBJECT)
                                                                                                                                                                                                                                                                                                                                                                                                                                                                                                                                                                                                                                                                                                                                                                                                                                                                                                                                                                                                                                                                                                                                  ^
/usr/share/gobject-introspection-1.0/tests/regress.c: In function 'regress_test_wi_802_1x_get_type':
/usr/share/gobject-introspection-1.0/tests/regress.c:3529:568: warning: typedef '_GStaticAssertCompileTimeAssertion_26' locally defined but not used [-Wunused-local-typedefs]
 G_DEFINE_TYPE(RegressTestWi8021x, regress_test_wi_802_1x, G_TYPE_OBJECT);
                                                                                                                                                                                                                                                                                                                                                                                                                                                                                                                                                                                        ^
/usr/share/gobject-introspection-1.0/tests/regress.c:3529:771: warning: typedef '_GStaticAssertCompileTimeAssertion_27' locally defined but not used [-Wunused-local-typedefs]
 G_DEFINE_TYPE(RegressTestWi8021x, regress_test_wi_802_1x, G_TYPE_OBJECT);
                                                                                                                                                                                                                                                                                                                                                                                                                                                                                                                                                                                                                                                                                                                                                                                                   ^
/usr/share/gobject-introspection-1.0/tests/regress.c:3529:1368: warning: typedef '_GStaticAssertCompileTimeAssertion_28' locally defined but not used [-Wunused-local-typedefs]
 G_DEFINE_TYPE(RegressTestWi8021x, regress_test_wi_802_1x, G_TYPE_OBJECT);
                                                                                                                                                                                                                                                                                                                                                                                                                                                                                                                                                                                                                                                                                                                                                                                                                                                                                                                                                                                                                                                                                                                                                                                                                                                                                                                                                                                                                        ^
/usr/share/gobject-introspection-1.0/tests/regress.c: In function 'regress_test_floating_get_type':
/usr/share/gobject-introspection-1.0/tests/regress.c:3636:564: warning: typedef '_GStaticAssertCompileTimeAssertion_29' locally defined but not used [-Wunused-local-typedefs]
 G_DEFINE_TYPE(RegressTestFloating, regress_test_floating, G_TYPE_INITIALLY_UNOWNED);
                                                                                                                                                                                                                                                                                                                                                                                                                                                                                                                                                                                    ^
/usr/share/gobject-introspection-1.0/tests/regress.c:3636:767: warning: typedef '_GStaticAssertCompileTimeAssertion_30' locally defined but not used [-Wunused-local-typedefs]
 G_DEFINE_TYPE(RegressTestFloating, regress_test_floating, G_TYPE_INITIALLY_UNOWNED);
                                                                                                                                                                                                                                                                                                                                                                                                                                                                                                                                                                                                                                                                                                                                                                                               ^
/usr/share/gobject-introspection-1.0/tests/regress.c:3636:1374: warning: typedef '_GStaticAssertCompileTimeAssertion_31' locally defined but not used [-Wunused-local-typedefs]
 G_DEFINE_TYPE(RegressTestFloating, regress_test_floating, G_TYPE_INITIALLY_UNOWNED);
                                                                                                                                                                                                                                                                                                                                                                                                                                                                                                                                                                                                                                                                                                                                                                                                                                                                                                                                                                                                                                                                                                                                                                                                                                                                                                                                                                                                                              ^
