gmain.c: In function 'g_main_context_ref':
gmain.c:479:102: warning: typedef '_GStaticAssertCompileTimeAssertion_0' locally defined but not used [-Wunused-local-typedefs]
   g_return_val_if_fail (g_atomic_int_get (&context->ref_count) > 0, NULL); 
                                                                                                      ^
gmain.c:481:34: warning: typedef '_GStaticAssertCompileTimeAssertion_1' locally defined but not used [-Wunused-local-typedefs]
   g_atomic_int_inc (&context->ref_count);
                                  ^
gmain.c: In function 'g_main_context_unref':
gmain.c:509:102: warning: typedef '_GStaticAssertCompileTimeAssertion_2' locally defined but not used [-Wunused-local-typedefs]
   g_return_if_fail (g_atomic_int_get (&context->ref_count) > 0); 
                                                                                                      ^
gmain.c:511:39: warning: typedef '_GStaticAssertCompileTimeAssertion_3' locally defined but not used [-Wunused-local-typedefs]
   if (!g_atomic_int_dec_and_test (&context->ref_count))
                                       ^
gmain.c: In function 'g_main_context_new':
gmain.c:557:38: warning: typedef '_GStaticAssertCompileTimeAssertion_4' locally defined but not used [-Wunused-local-typedefs]
   if (g_once_init_enter (&initialised))
                                      ^
gmain.c:557:210: warning: typedef '_GStaticAssertCompileTimeAssertion_5' locally defined but not used [-Wunused-local-typedefs]
   if (g_once_init_enter (&initialised))
                                                                                                                                                                                                                  ^
gmain.c:564:38: warning: typedef '_GStaticAssertCompileTimeAssertion_6' locally defined but not used [-Wunused-local-typedefs]
       g_once_init_leave (&initialised, TRUE);
                                      ^
gmain.c: In function 'g_main_loop_ref':
gmain.c:3399:102: warning: typedef '_GStaticAssertCompileTimeAssertion_7' locally defined but not used [-Wunused-local-typedefs]
   g_return_val_if_fail (g_atomic_int_get (&loop->ref_count) > 0, NULL);
                                                                                                      ^
gmain.c:3401:34: warning: typedef '_GStaticAssertCompileTimeAssertion_8' locally defined but not used [-Wunused-local-typedefs]
   g_atomic_int_inc (&loop->ref_count);
                                  ^
gmain.c: In function 'g_main_loop_unref':
gmain.c:3417:102: warning: typedef '_GStaticAssertCompileTimeAssertion_9' locally defined but not used [-Wunused-local-typedefs]
   g_return_if_fail (g_atomic_int_get (&loop->ref_count) > 0);
                                                                                                      ^
gmain.c:3419:39: warning: typedef '_GStaticAssertCompileTimeAssertion_10' locally defined but not used [-Wunused-local-typedefs]
   if (!g_atomic_int_dec_and_test (&loop->ref_count))
                                       ^
gmain.c: In function 'g_main_loop_run':
gmain.c:3441:102: warning: typedef '_GStaticAssertCompileTimeAssertion_11' locally defined but not used [-Wunused-local-typedefs]
   g_return_if_fail (g_atomic_int_get (&loop->ref_count) > 0);
                                                                                                      ^
gmain.c:3450:38: warning: typedef '_GStaticAssertCompileTimeAssertion_12' locally defined but not used [-Wunused-local-typedefs]
       g_atomic_int_inc (&loop->ref_count);
                                      ^
gmain.c:3481:34: warning: typedef '_GStaticAssertCompileTimeAssertion_13' locally defined but not used [-Wunused-local-typedefs]
   g_atomic_int_inc (&loop->ref_count);
                                  ^
gmain.c: In function 'g_main_loop_quit':
gmain.c:3507:102: warning: typedef '_GStaticAssertCompileTimeAssertion_14' locally defined but not used [-Wunused-local-typedefs]
   g_return_if_fail (g_atomic_int_get (&loop->ref_count) > 0);
                                                                                                      ^
gmain.c: In function 'g_main_loop_is_running':
gmain.c:3530:102: warning: typedef '_GStaticAssertCompileTimeAssertion_15' locally defined but not used [-Wunused-local-typedefs]
   g_return_val_if_fail (g_atomic_int_get (&loop->ref_count) > 0, FALSE);
                                                                                                      ^
gmain.c: In function 'g_main_loop_get_context':
gmain.c:3547:102: warning: typedef '_GStaticAssertCompileTimeAssertion_16' locally defined but not used [-Wunused-local-typedefs]
   g_return_val_if_fail (g_atomic_int_get (&loop->ref_count) > 0, NULL);
                                                                                                      ^
gmain.c: In function 'g_main_context_add_poll':
gmain.c:3663:102: warning: typedef '_GStaticAssertCompileTimeAssertion_17' locally defined but not used [-Wunused-local-typedefs]
   g_return_if_fail (g_atomic_int_get (&context->ref_count) > 0);
                                                                                                      ^
gmain.c: In function 'g_main_context_remove_poll':
gmain.c:3729:102: warning: typedef '_GStaticAssertCompileTimeAssertion_18' locally defined but not used [-Wunused-local-typedefs]
   g_return_if_fail (g_atomic_int_get (&context->ref_count) > 0);
                                                                                                      ^
gmain.c: In function 'g_main_context_set_poll_func':
gmain.c:3854:102: warning: typedef '_GStaticAssertCompileTimeAssertion_19' locally defined but not used [-Wunused-local-typedefs]
   g_return_if_fail (g_atomic_int_get (&context->ref_count) > 0);
                                                                                                      ^
gmain.c: In function 'g_main_context_get_poll_func':
gmain.c:3882:102: warning: typedef '_GStaticAssertCompileTimeAssertion_20' locally defined but not used [-Wunused-local-typedefs]
   g_return_val_if_fail (g_atomic_int_get (&context->ref_count) > 0, NULL);
                                                                                                      ^
gmain.c: In function 'g_main_context_wakeup':
gmain.c:3904:102: warning: typedef '_GStaticAssertCompileTimeAssertion_21' locally defined but not used [-Wunused-local-typedefs]
   g_return_if_fail (g_atomic_int_get (&context->ref_count) > 0);
                                                                                                      ^
gmain.c: In function 'g_get_worker_context':
gmain.c:5044:38: warning: typedef '_GStaticAssertCompileTimeAssertion_22' locally defined but not used [-Wunused-local-typedefs]
   if (g_once_init_enter (&initialised))
                                      ^
gmain.c:5044:211: warning: typedef '_GStaticAssertCompileTimeAssertion_23' locally defined but not used [-Wunused-local-typedefs]
   if (g_once_init_enter (&initialised))
                                                                                                                                                                                                                   ^
gmain.c:5059:38: warning: typedef '_GStaticAssertCompileTimeAssertion_24' locally defined but not used [-Wunused-local-typedefs]
       g_once_init_leave (&initialised, TRUE);
                                      ^
