gfileinfo.c: In function 'g_file_info_get_type':
gfileinfo.c:88:464: warning: typedef '_GStaticAssertCompileTimeAssertion_0' locally defined but not used [-Wunused-local-typedefs]
 G_DEFINE_TYPE (GFileInfo, g_file_info, G_TYPE_OBJECT);
                                                                                                                                                                                                                                                                                                                                                                                                                                                                                ^
gfileinfo.c:88:666: warning: typedef '_GStaticAssertCompileTimeAssertion_1' locally defined but not used [-Wunused-local-typedefs]
 G_DEFINE_TYPE (GFileInfo, g_file_info, G_TYPE_OBJECT);
                                                                                                                                                                                                                                                                                                                                                                                                                                                                                                                                                                                                                                                                                          ^
gfileinfo.c:88:1213: warning: typedef '_GStaticAssertCompileTimeAssertion_2' locally defined but not used [-Wunused-local-typedefs]
 G_DEFINE_TYPE (GFileInfo, g_file_info, G_TYPE_OBJECT);
                                                                                                                                                                                                                                                                                                                                                                                                                                                                                                                                                                                                                                                                                                                                                                                                                                                                                                                                                                                                                                                                                                                                                                                                                                                             ^
gfileinfo.c: In function 'g_file_attribute_matcher_get_type':
gfileinfo.c:2166:139: warning: typedef '_GStaticAssertCompileTimeAssertion_3' locally defined but not used [-Wunused-local-typedefs]
 G_DEFINE_BOXED_TYPE (GFileAttributeMatcher, g_file_attribute_matcher,
                                                                                                                                           ^
gfileinfo.c:2166:341: warning: typedef '_GStaticAssertCompileTimeAssertion_4' locally defined but not used [-Wunused-local-typedefs]
 G_DEFINE_BOXED_TYPE (GFileAttributeMatcher, g_file_attribute_matcher,
                                                                                                                                                                                                                                                                                                                                                     ^
gfileinfo.c:2166:1210: warning: typedef '_GStaticAssertCompileTimeAssertion_5' locally defined but not used [-Wunused-local-typedefs]
 G_DEFINE_BOXED_TYPE (GFileAttributeMatcher, g_file_attribute_matcher,
                                                                                                                                                                                                                                                                                                                                                                                                                                                                                                                                                                                                                                                                                                                                                                                                                                                                                                                                                                                                                                                                                                                                                                                                                                                          ^
gfileinfo.c: In function 'g_file_attribute_matcher_ref':
gfileinfo.c:2418:38: warning: typedef '_GStaticAssertCompileTimeAssertion_6' locally defined but not used [-Wunused-local-typedefs]
       g_atomic_int_inc (&matcher->ref);
                                      ^
gfileinfo.c: In function 'g_file_attribute_matcher_unref':
gfileinfo.c:2438:42: warning: typedef '_GStaticAssertCompileTimeAssertion_7' locally defined but not used [-Wunused-local-typedefs]
       if (g_atomic_int_dec_and_test (&matcher->ref))
                                          ^
