gmenu.c: In function 'g_menu_get_type':
gmenu.c:82:417: warning: typedef '_GStaticAssertCompileTimeAssertion_0' locally defined but not used [-Wunused-local-typedefs]
 G_DEFINE_TYPE (GMenu, g_menu, G_TYPE_MENU_MODEL)
                                                                                                                                                                                                                                                                                                                                                                                                                                 ^
gmenu.c:82:619: warning: typedef '_GStaticAssertCompileTimeAssertion_1' locally defined but not used [-Wunused-local-typedefs]
 G_DEFINE_TYPE (GMenu, g_menu, G_TYPE_MENU_MODEL)
                                                                                                                                                                                                                                                                                                                                                                                                                                                                                                                                                                                                                                           ^
gmenu.c:82:1147: warning: typedef '_GStaticAssertCompileTimeAssertion_2' locally defined but not used [-Wunused-local-typedefs]
 G_DEFINE_TYPE (GMenu, g_menu, G_TYPE_MENU_MODEL)
                                                                                                                                                                                                                                                                                                                                                                                                                                                                                                                                                                                                                                                                                                                                                                                                                                                                                                                                                                                                                                                                                                                                                                                           ^
gmenu.c: In function 'g_menu_item_get_type':
gmenu.c:83:464: warning: typedef '_GStaticAssertCompileTimeAssertion_3' locally defined but not used [-Wunused-local-typedefs]
 G_DEFINE_TYPE (GMenuItem, g_menu_item, G_TYPE_OBJECT)
                                                                                                                                                                                                                                                                                                                                                                                                                                                                                ^
gmenu.c:83:666: warning: typedef '_GStaticAssertCompileTimeAssertion_4' locally defined but not used [-Wunused-local-typedefs]
 G_DEFINE_TYPE (GMenuItem, g_menu_item, G_TYPE_OBJECT)
                                                                                                                                                                                                                                                                                                                                                                                                                                                                                                                                                                                                                                                                                          ^
gmenu.c:83:1213: warning: typedef '_GStaticAssertCompileTimeAssertion_5' locally defined but not used [-Wunused-local-typedefs]
 G_DEFINE_TYPE (GMenuItem, g_menu_item, G_TYPE_OBJECT)
                                                                                                                                                                                                                                                                                                                                                                                                                                                                                                                                                                                                                                                                                                                                                                                                                                                                                                                                                                                                                                                                                                                                                                                                                                                             ^
