gthreadpool.c: In function 'g_thread_pool_wait_for_new_pool':
gthreadpool.c:150:61: warning: typedef '_GStaticAssertCompileTimeAssertion_0' locally defined but not used [-Wunused-local-typedefs]
   local_max_unused_threads = g_atomic_int_get (&max_unused_threads);
                                                             ^
gthreadpool.c:151:56: warning: typedef '_GStaticAssertCompileTimeAssertion_1' locally defined but not used [-Wunused-local-typedefs]
   local_max_idle_time = g_atomic_int_get (&max_idle_time);
                                                        ^
gthreadpool.c:152:62: warning: typedef '_GStaticAssertCompileTimeAssertion_2' locally defined but not used [-Wunused-local-typedefs]
   last_wakeup_thread_serial = g_atomic_int_get (&wakeup_thread_serial);
                                                              ^
gthreadpool.c:154:34: warning: typedef '_GStaticAssertCompileTimeAssertion_3' locally defined but not used [-Wunused-local-typedefs]
   g_atomic_int_inc (&unused_threads);
                                  ^
gthreadpool.c:158:42: warning: typedef '_GStaticAssertCompileTimeAssertion_4' locally defined but not used [-Wunused-local-typedefs]
       if (g_atomic_int_get (&unused_threads) >= local_max_unused_threads)
                                          ^
gthreadpool.c:181:71: warning: typedef '_GStaticAssertCompileTimeAssertion_5' locally defined but not used [-Wunused-local-typedefs]
           local_wakeup_thread_serial = g_atomic_int_get (&wakeup_thread_serial);
                                                                       ^
gthreadpool.c:205:50: warning: typedef '_GStaticAssertCompileTimeAssertion_6' locally defined but not used [-Wunused-local-typedefs]
               if (g_atomic_int_add (&kill_unused_threads, -1) > 0)
                                                  ^
gthreadpool.c:214:73: warning: typedef '_GStaticAssertCompileTimeAssertion_7' locally defined but not used [-Wunused-local-typedefs]
               local_max_unused_threads = g_atomic_int_get (&max_unused_threads);
                                                                         ^
gthreadpool.c:215:68: warning: typedef '_GStaticAssertCompileTimeAssertion_8' locally defined but not used [-Wunused-local-typedefs]
               local_max_idle_time = g_atomic_int_get (&max_idle_time);
                                                                    ^
gthreadpool.c:224:34: warning: typedef '_GStaticAssertCompileTimeAssertion_9' locally defined but not used [-Wunused-local-typedefs]
   g_atomic_int_add (&unused_threads, -1);
                                  ^
gthreadpool.c: In function 'g_thread_pool_set_max_unused_threads':
gthreadpool.c:840:34: warning: typedef '_GStaticAssertCompileTimeAssertion_10' locally defined but not used [-Wunused-local-typedefs]
   g_atomic_int_set (&max_unused_threads, max_threads);
                                  ^
gthreadpool.c:844:53: warning: typedef '_GStaticAssertCompileTimeAssertion_11' locally defined but not used [-Wunused-local-typedefs]
       max_threads -= g_atomic_int_get (&unused_threads);
                                                     ^
gthreadpool.c:847:42: warning: typedef '_GStaticAssertCompileTimeAssertion_12' locally defined but not used [-Wunused-local-typedefs]
           g_atomic_int_set (&kill_unused_threads, -max_threads);
                                          ^
gthreadpool.c:848:42: warning: typedef '_GStaticAssertCompileTimeAssertion_13' locally defined but not used [-Wunused-local-typedefs]
           g_atomic_int_inc (&wakeup_thread_serial);
                                          ^
gthreadpool.c: In function 'g_thread_pool_get_max_unused_threads':
gthreadpool.c:874:41: warning: typedef '_GStaticAssertCompileTimeAssertion_14' locally defined but not used [-Wunused-local-typedefs]
   return g_atomic_int_get (&max_unused_threads);
                                         ^
gthreadpool.c: In function 'g_thread_pool_get_num_unused_threads':
gthreadpool.c:887:41: warning: typedef '_GStaticAssertCompileTimeAssertion_15' locally defined but not used [-Wunused-local-typedefs]
   return g_atomic_int_get (&unused_threads);
                                         ^
gthreadpool.c: In function 'g_thread_pool_set_max_idle_time':
gthreadpool.c:978:34: warning: typedef '_GStaticAssertCompileTimeAssertion_16' locally defined but not used [-Wunused-local-typedefs]
   g_atomic_int_set (&max_idle_time, interval);
                                  ^
gthreadpool.c:980:38: warning: typedef '_GStaticAssertCompileTimeAssertion_17' locally defined but not used [-Wunused-local-typedefs]
   i = g_atomic_int_get (&unused_threads);
                                      ^
gthreadpool.c:983:38: warning: typedef '_GStaticAssertCompileTimeAssertion_18' locally defined but not used [-Wunused-local-typedefs]
       g_atomic_int_inc (&wakeup_thread_serial);
                                      ^
gthreadpool.c: In function 'g_thread_pool_get_max_idle_time':
gthreadpool.c:1016:41: warning: typedef '_GStaticAssertCompileTimeAssertion_19' locally defined but not used [-Wunused-local-typedefs]
   return g_atomic_int_get (&max_idle_time);
                                         ^
