gdesktopappinfo.c: In function 'g_desktop_app_info_get_type':
gdesktopappinfo.c:127:531: warning: typedef '_GStaticAssertCompileTimeAssertion_0' locally defined but not used [-Wunused-local-typedefs]
 G_DEFINE_TYPE_WITH_CODE (GDesktopAppInfo, g_desktop_app_info, G_TYPE_OBJECT,
                                                                                                                                                                                                                                                                                                                                                                                                                                                                                                                                                   ^
gdesktopappinfo.c:127:733: warning: typedef '_GStaticAssertCompileTimeAssertion_1' locally defined but not used [-Wunused-local-typedefs]
 G_DEFINE_TYPE_WITH_CODE (GDesktopAppInfo, g_desktop_app_info, G_TYPE_OBJECT,
                                                                                                                                                                                                                                                                                                                                                                                                                                                                                                                                                                                                                                                                                                                                                             ^
gdesktopappinfo.c:127:1548: warning: typedef '_GStaticAssertCompileTimeAssertion_2' locally defined but not used [-Wunused-local-typedefs]
 G_DEFINE_TYPE_WITH_CODE (GDesktopAppInfo, g_desktop_app_info, G_TYPE_OBJECT,
                                                                                                                                                                                                                                                                                                                                                                                                                                                                                                                                                                                                                                                                                                                                                                                                                                                                                                                                                                                                                                                                                                                                                                                                                                                                                                                                                                                                                                                                                                                                                                                                            ^
gdesktopappinfo.c: In function '_g_desktop_app_info_launch_uris_internal':
gdesktopappinfo.c:1381:21: warning: typedef '_GStaticAssertCompileTimeAssertion_3' locally defined but not used [-Wunused-local-typedefs]
   g_clear_object (&session_bus);
                     ^
gdesktopappinfo.c:1381:324: warning: typedef '_GStaticAssertCompileTimeAssertion_4' locally defined but not used [-Wunused-local-typedefs]
   g_clear_object (&session_bus);
                                                                                                                                                                                                                                                                                                                                    ^
gdesktopappinfo.c:1381:555: warning: typedef '_GStaticAssertCompileTimeAssertion_5' locally defined but not used [-Wunused-local-typedefs]
   g_clear_object (&session_bus);
                                                                                                                                                                                                                                                                                                                                                                                                                                                                                                                                                                           ^
gdesktopappinfo.c: In function 'g_desktop_app_info_lookup_get_type':
gdesktopappinfo.c:3386:232: warning: typedef '_GStaticAssertCompileTimeAssertion_6' locally defined but not used [-Wunused-local-typedefs]
 G_DEFINE_INTERFACE (GDesktopAppInfoLookup, g_desktop_app_info_lookup, G_TYPE_OBJECT)
                                                                                                                                                                                                                                        ^
gdesktopappinfo.c:3386:434: warning: typedef '_GStaticAssertCompileTimeAssertion_7' locally defined but not used [-Wunused-local-typedefs]
 G_DEFINE_INTERFACE (GDesktopAppInfoLookup, g_desktop_app_info_lookup, G_TYPE_OBJECT)
                                                                                                                                                                                                                                                                                                                                                                                                                                                  ^
gdesktopappinfo.c:3386:1100: warning: typedef '_GStaticAssertCompileTimeAssertion_8' locally defined but not used [-Wunused-local-typedefs]
 G_DEFINE_INTERFACE (GDesktopAppInfoLookup, g_desktop_app_info_lookup, G_TYPE_OBJECT)
                                                                                                                                                                                                                                                                                                                                                                                                                                                                                                                                                                                                                                                                                                                                                                                                                                                                                                                                                                                                                                                                                                                                            ^
