gboxed.c: In function 'g_closure_get_type':
gboxed.c:123:124: warning: typedef '_GStaticAssertCompileTimeAssertion_0' locally defined but not used [-Wunused-local-typedefs]
 G_DEFINE_BOXED_TYPE (GClosure, g_closure, g_closure_ref, g_closure_unref)
                                                                                                                            ^
gboxed.c:123:326: warning: typedef '_GStaticAssertCompileTimeAssertion_1' locally defined but not used [-Wunused-local-typedefs]
 G_DEFINE_BOXED_TYPE (GClosure, g_closure, g_closure_ref, g_closure_unref)
                                                                                                                                                                                                                                                                                                                                      ^
gboxed.c:123:1087: warning: typedef '_GStaticAssertCompileTimeAssertion_2' locally defined but not used [-Wunused-local-typedefs]
 G_DEFINE_BOXED_TYPE (GClosure, g_closure, g_closure_ref, g_closure_unref)
                                                                                                                                                                                                                                                                                                                                                                                                                                                                                                                                                                                                                                                                                                                                                                                                                                                                                                                                                                                                                                                                                                                               ^
gboxed.c: In function 'g_value_get_type':
gboxed.c:124:122: warning: typedef '_GStaticAssertCompileTimeAssertion_3' locally defined but not used [-Wunused-local-typedefs]
 G_DEFINE_BOXED_TYPE (GValue, g_value, value_copy, value_free)
                                                                                                                          ^
gboxed.c:124:324: warning: typedef '_GStaticAssertCompileTimeAssertion_4' locally defined but not used [-Wunused-local-typedefs]
 G_DEFINE_BOXED_TYPE (GValue, g_value, value_copy, value_free)
                                                                                                                                                                                                                                                                                                                                    ^
gboxed.c:124:1065: warning: typedef '_GStaticAssertCompileTimeAssertion_5' locally defined but not used [-Wunused-local-typedefs]
 G_DEFINE_BOXED_TYPE (GValue, g_value, value_copy, value_free)
                                                                                                                                                                                                                                                                                                                                                                                                                                                                                                                                                                                                                                                                                                                                                                                                                                                                                                                                                                                                                                                                                                         ^
gboxed.c: In function 'g_value_array_get_type':
gboxed.c:125:128: warning: typedef '_GStaticAssertCompileTimeAssertion_6' locally defined but not used [-Wunused-local-typedefs]
 G_DEFINE_BOXED_TYPE (GValueArray, g_value_array, g_value_array_copy, g_value_array_free)
                                                                                                                                ^
gboxed.c:125:330: warning: typedef '_GStaticAssertCompileTimeAssertion_7' locally defined but not used [-Wunused-local-typedefs]
 G_DEFINE_BOXED_TYPE (GValueArray, g_value_array, g_value_array_copy, g_value_array_free)
                                                                                                                                                                                                                                                                                                                                          ^
gboxed.c:125:1117: warning: typedef '_GStaticAssertCompileTimeAssertion_8' locally defined but not used [-Wunused-local-typedefs]
 G_DEFINE_BOXED_TYPE (GValueArray, g_value_array, g_value_array_copy, g_value_array_free)
                                                                                                                                                                                                                                                                                                                                                                                                                                                                                                                                                                                                                                                                                                                                                                                                                                                                                                                                                                                                                                                                                                                                                             ^
gboxed.c: In function 'g_date_get_type':
gboxed.c:126:121: warning: typedef '_GStaticAssertCompileTimeAssertion_9' locally defined but not used [-Wunused-local-typedefs]
 G_DEFINE_BOXED_TYPE (GDate, g_date, gdate_copy, g_date_free)
                                                                                                                         ^
gboxed.c:126:323: warning: typedef '_GStaticAssertCompileTimeAssertion_10' locally defined but not used [-Wunused-local-typedefs]
 G_DEFINE_BOXED_TYPE (GDate, g_date, gdate_copy, g_date_free)
                                                                                                                                                                                                                                                                                                                                   ^
gboxed.c:126:1060: warning: typedef '_GStaticAssertCompileTimeAssertion_11' locally defined but not used [-Wunused-local-typedefs]
 G_DEFINE_BOXED_TYPE (GDate, g_date, gdate_copy, g_date_free)
                                                                                                                                                                                                                                                                                                                                                                                                                                                                                                                                                                                                                                                                                                                                                                                                                                                                                                                                                                                                                                                                                                    ^
gboxed.c: In function 'g_gstring_get_type':
gboxed.c:128:124: warning: typedef '_GStaticAssertCompileTimeAssertion_12' locally defined but not used [-Wunused-local-typedefs]
 G_DEFINE_BOXED_TYPE (GString, g_gstring, gstring_copy, gstring_free)
                                                                                                                            ^
gboxed.c:128:327: warning: typedef '_GStaticAssertCompileTimeAssertion_13' locally defined but not used [-Wunused-local-typedefs]
 G_DEFINE_BOXED_TYPE (GString, g_gstring, gstring_copy, gstring_free)
                                                                                                                                                                                                                                                                                                                                       ^
gboxed.c:128:1079: warning: typedef '_GStaticAssertCompileTimeAssertion_14' locally defined but not used [-Wunused-local-typedefs]
 G_DEFINE_BOXED_TYPE (GString, g_gstring, gstring_copy, gstring_free)
                                                                                                                                                                                                                                                                                                                                                                                                                                                                                                                                                                                                                                                                                                                                                                                                                                                                                                                                                                                                                                                                                                                       ^
gboxed.c: In function 'g_hash_table_get_type':
gboxed.c:129:127: warning: typedef '_GStaticAssertCompileTimeAssertion_15' locally defined but not used [-Wunused-local-typedefs]
 G_DEFINE_BOXED_TYPE (GHashTable, g_hash_table, g_hash_table_ref, g_hash_table_unref)
                                                                                                                               ^
gboxed.c:129:330: warning: typedef '_GStaticAssertCompileTimeAssertion_16' locally defined but not used [-Wunused-local-typedefs]
 G_DEFINE_BOXED_TYPE (GHashTable, g_hash_table, g_hash_table_ref, g_hash_table_unref)
                                                                                                                                                                                                                                                                                                                                          ^
gboxed.c:129:1110: warning: typedef '_GStaticAssertCompileTimeAssertion_17' locally defined but not used [-Wunused-local-typedefs]
 G_DEFINE_BOXED_TYPE (GHashTable, g_hash_table, g_hash_table_ref, g_hash_table_unref)
                                                                                                                                                                                                                                                                                                                                                                                                                                                                                                                                                                                                                                                                                                                                                                                                                                                                                                                                                                                                                                                                                                                                                      ^
gboxed.c: In function 'g_array_get_type':
gboxed.c:130:122: warning: typedef '_GStaticAssertCompileTimeAssertion_18' locally defined but not used [-Wunused-local-typedefs]
 G_DEFINE_BOXED_TYPE (GArray, g_array, g_array_ref, g_array_unref)
                                                                                                                          ^
gboxed.c:130:325: warning: typedef '_GStaticAssertCompileTimeAssertion_19' locally defined but not used [-Wunused-local-typedefs]
 G_DEFINE_BOXED_TYPE (GArray, g_array, g_array_ref, g_array_unref)
                                                                                                                                                                                                                                                                                                                                     ^
gboxed.c:130:1071: warning: typedef '_GStaticAssertCompileTimeAssertion_20' locally defined but not used [-Wunused-local-typedefs]
 G_DEFINE_BOXED_TYPE (GArray, g_array, g_array_ref, g_array_unref)
                                                                                                                                                                                                                                                                                                                                                                                                                                                                                                                                                                                                                                                                                                                                                                                                                                                                                                                                                                                                                                                                                                               ^
gboxed.c: In function 'g_ptr_array_get_type':
gboxed.c:131:126: warning: typedef '_GStaticAssertCompileTimeAssertion_21' locally defined but not used [-Wunused-local-typedefs]
 G_DEFINE_BOXED_TYPE (GPtrArray, g_ptr_array,g_ptr_array_ref, g_ptr_array_unref)
                                                                                                                              ^
gboxed.c:131:329: warning: typedef '_GStaticAssertCompileTimeAssertion_22' locally defined but not used [-Wunused-local-typedefs]
 G_DEFINE_BOXED_TYPE (GPtrArray, g_ptr_array,g_ptr_array_ref, g_ptr_array_unref)
                                                                                                                                                                                                                                                                                                                                         ^
gboxed.c:131:1101: warning: typedef '_GStaticAssertCompileTimeAssertion_23' locally defined but not used [-Wunused-local-typedefs]
 G_DEFINE_BOXED_TYPE (GPtrArray, g_ptr_array,g_ptr_array_ref, g_ptr_array_unref)
                                                                                                                                                                                                                                                                                                                                                                                                                                                                                                                                                                                                                                                                                                                                                                                                                                                                                                                                                                                                                                                                                                                                             ^
gboxed.c: In function 'g_byte_array_get_type':
gboxed.c:132:127: warning: typedef '_GStaticAssertCompileTimeAssertion_24' locally defined but not used [-Wunused-local-typedefs]
 G_DEFINE_BOXED_TYPE (GByteArray, g_byte_array, g_byte_array_ref, g_byte_array_unref)
                                                                                                                               ^
gboxed.c:132:330: warning: typedef '_GStaticAssertCompileTimeAssertion_25' locally defined but not used [-Wunused-local-typedefs]
 G_DEFINE_BOXED_TYPE (GByteArray, g_byte_array, g_byte_array_ref, g_byte_array_unref)
                                                                                                                                                                                                                                                                                                                                          ^
gboxed.c:132:1110: warning: typedef '_GStaticAssertCompileTimeAssertion_26' locally defined but not used [-Wunused-local-typedefs]
 G_DEFINE_BOXED_TYPE (GByteArray, g_byte_array, g_byte_array_ref, g_byte_array_unref)
                                                                                                                                                                                                                                                                                                                                                                                                                                                                                                                                                                                                                                                                                                                                                                                                                                                                                                                                                                                                                                                                                                                                                      ^
gboxed.c: In function 'g_bytes_get_type':
gboxed.c:133:122: warning: typedef '_GStaticAssertCompileTimeAssertion_27' locally defined but not used [-Wunused-local-typedefs]
 G_DEFINE_BOXED_TYPE (GBytes, g_bytes, g_bytes_ref, g_bytes_unref);
                                                                                                                          ^
gboxed.c:133:325: warning: typedef '_GStaticAssertCompileTimeAssertion_28' locally defined but not used [-Wunused-local-typedefs]
 G_DEFINE_BOXED_TYPE (GBytes, g_bytes, g_bytes_ref, g_bytes_unref);
                                                                                                                                                                                                                                                                                                                                     ^
gboxed.c:133:1071: warning: typedef '_GStaticAssertCompileTimeAssertion_29' locally defined but not used [-Wunused-local-typedefs]
 G_DEFINE_BOXED_TYPE (GBytes, g_bytes, g_bytes_ref, g_bytes_unref);
                                                                                                                                                                                                                                                                                                                                                                                                                                                                                                                                                                                                                                                                                                                                                                                                                                                                                                                                                                                                                                                                                                               ^
gboxed.c: In function 'g_regex_get_type':
gboxed.c:135:122: warning: typedef '_GStaticAssertCompileTimeAssertion_30' locally defined but not used [-Wunused-local-typedefs]
 G_DEFINE_BOXED_TYPE (GRegex, g_regex, g_regex_ref, g_regex_unref)
                                                                                                                          ^
gboxed.c:135:325: warning: typedef '_GStaticAssertCompileTimeAssertion_31' locally defined but not used [-Wunused-local-typedefs]
 G_DEFINE_BOXED_TYPE (GRegex, g_regex, g_regex_ref, g_regex_unref)
                                                                                                                                                                                                                                                                                                                                     ^
gboxed.c:135:1071: warning: typedef '_GStaticAssertCompileTimeAssertion_32' locally defined but not used [-Wunused-local-typedefs]
 G_DEFINE_BOXED_TYPE (GRegex, g_regex, g_regex_ref, g_regex_unref)
                                                                                                                                                                                                                                                                                                                                                                                                                                                                                                                                                                                                                                                                                                                                                                                                                                                                                                                                                                                                                                                                                                               ^
gboxed.c: In function 'g_match_info_get_type':
gboxed.c:136:127: warning: typedef '_GStaticAssertCompileTimeAssertion_33' locally defined but not used [-Wunused-local-typedefs]
 G_DEFINE_BOXED_TYPE (GMatchInfo, g_match_info, g_match_info_ref, g_match_info_unref)
                                                                                                                               ^
gboxed.c:136:330: warning: typedef '_GStaticAssertCompileTimeAssertion_34' locally defined but not used [-Wunused-local-typedefs]
 G_DEFINE_BOXED_TYPE (GMatchInfo, g_match_info, g_match_info_ref, g_match_info_unref)
                                                                                                                                                                                                                                                                                                                                          ^
gboxed.c:136:1110: warning: typedef '_GStaticAssertCompileTimeAssertion_35' locally defined but not used [-Wunused-local-typedefs]
 G_DEFINE_BOXED_TYPE (GMatchInfo, g_match_info, g_match_info_ref, g_match_info_unref)
                                                                                                                                                                                                                                                                                                                                                                                                                                                                                                                                                                                                                                                                                                                                                                                                                                                                                                                                                                                                                                                                                                                                                      ^
gboxed.c: In function 'g_variant_type_get_gtype':
gboxed.c:139:130: warning: typedef '_GStaticAssertCompileTimeAssertion_36' locally defined but not used [-Wunused-local-typedefs]
 G_DEFINE_BOXED_TYPE (GVariantType, g_variant_type, g_variant_type_copy, g_variant_type_free)
                                                                                                                                  ^
gboxed.c:139:333: warning: typedef '_GStaticAssertCompileTimeAssertion_37' locally defined but not used [-Wunused-local-typedefs]
 G_DEFINE_BOXED_TYPE (GVariantType, g_variant_type, g_variant_type_copy, g_variant_type_free)
                                                                                                                                                                                                                                                                                                                                             ^
gboxed.c:139:1129: warning: typedef '_GStaticAssertCompileTimeAssertion_38' locally defined but not used [-Wunused-local-typedefs]
 G_DEFINE_BOXED_TYPE (GVariantType, g_variant_type, g_variant_type_copy, g_variant_type_free)
                                                                                                                                                                                                                                                                                                                                                                                                                                                                                                                                                                                                                                                                                                                                                                                                                                                                                                                                                                                                                                                                                                                                                                         ^
gboxed.c: In function 'g_variant_builder_get_type':
gboxed.c:142:132: warning: typedef '_GStaticAssertCompileTimeAssertion_39' locally defined but not used [-Wunused-local-typedefs]
 G_DEFINE_BOXED_TYPE (GVariantBuilder, g_variant_builder, g_variant_builder_ref, g_variant_builder_unref)
                                                                                                                                    ^
gboxed.c:142:335: warning: typedef '_GStaticAssertCompileTimeAssertion_40' locally defined but not used [-Wunused-local-typedefs]
 G_DEFINE_BOXED_TYPE (GVariantBuilder, g_variant_builder, g_variant_builder_ref, g_variant_builder_unref)
                                                                                                                                                                                                                                                                                                                                               ^
gboxed.c:142:1155: warning: typedef '_GStaticAssertCompileTimeAssertion_41' locally defined but not used [-Wunused-local-typedefs]
 G_DEFINE_BOXED_TYPE (GVariantBuilder, g_variant_builder, g_variant_builder_ref, g_variant_builder_unref)
                                                                                                                                                                                                                                                                                                                                                                                                                                                                                                                                                                                                                                                                                                                                                                                                                                                                                                                                                                                                                                                                                                                                                                                                   ^
gboxed.c: In function 'g_error_get_type':
gboxed.c:144:122: warning: typedef '_GStaticAssertCompileTimeAssertion_42' locally defined but not used [-Wunused-local-typedefs]
 G_DEFINE_BOXED_TYPE (GError, g_error, g_error_copy, g_error_free)
                                                                                                                          ^
gboxed.c:144:325: warning: typedef '_GStaticAssertCompileTimeAssertion_43' locally defined but not used [-Wunused-local-typedefs]
 G_DEFINE_BOXED_TYPE (GError, g_error, g_error_copy, g_error_free)
                                                                                                                                                                                                                                                                                                                                     ^
gboxed.c:144:1071: warning: typedef '_GStaticAssertCompileTimeAssertion_44' locally defined but not used [-Wunused-local-typedefs]
 G_DEFINE_BOXED_TYPE (GError, g_error, g_error_copy, g_error_free)
                                                                                                                                                                                                                                                                                                                                                                                                                                                                                                                                                                                                                                                                                                                                                                                                                                                                                                                                                                                                                                                                                                               ^
gboxed.c: In function 'g_date_time_get_type':
gboxed.c:146:126: warning: typedef '_GStaticAssertCompileTimeAssertion_45' locally defined but not used [-Wunused-local-typedefs]
 G_DEFINE_BOXED_TYPE (GDateTime, g_date_time, g_date_time_ref, g_date_time_unref);
                                                                                                                              ^
gboxed.c:146:329: warning: typedef '_GStaticAssertCompileTimeAssertion_46' locally defined but not used [-Wunused-local-typedefs]
 G_DEFINE_BOXED_TYPE (GDateTime, g_date_time, g_date_time_ref, g_date_time_unref);
                                                                                                                                                                                                                                                                                                                                         ^
gboxed.c:146:1101: warning: typedef '_GStaticAssertCompileTimeAssertion_47' locally defined but not used [-Wunused-local-typedefs]
 G_DEFINE_BOXED_TYPE (GDateTime, g_date_time, g_date_time_ref, g_date_time_unref);
                                                                                                                                                                                                                                                                                                                                                                                                                                                                                                                                                                                                                                                                                                                                                                                                                                                                                                                                                                                                                                                                                                                                             ^
gboxed.c: In function 'g_time_zone_get_type':
gboxed.c:147:126: warning: typedef '_GStaticAssertCompileTimeAssertion_48' locally defined but not used [-Wunused-local-typedefs]
 G_DEFINE_BOXED_TYPE (GTimeZone, g_time_zone, g_time_zone_ref, g_time_zone_unref);
                                                                                                                              ^
gboxed.c:147:329: warning: typedef '_GStaticAssertCompileTimeAssertion_49' locally defined but not used [-Wunused-local-typedefs]
 G_DEFINE_BOXED_TYPE (GTimeZone, g_time_zone, g_time_zone_ref, g_time_zone_unref);
                                                                                                                                                                                                                                                                                                                                         ^
gboxed.c:147:1101: warning: typedef '_GStaticAssertCompileTimeAssertion_50' locally defined but not used [-Wunused-local-typedefs]
 G_DEFINE_BOXED_TYPE (GTimeZone, g_time_zone, g_time_zone_ref, g_time_zone_unref);
                                                                                                                                                                                                                                                                                                                                                                                                                                                                                                                                                                                                                                                                                                                                                                                                                                                                                                                                                                                                                                                                                                                                             ^
gboxed.c: In function 'g_key_file_get_type':
gboxed.c:148:125: warning: typedef '_GStaticAssertCompileTimeAssertion_51' locally defined but not used [-Wunused-local-typedefs]
 G_DEFINE_BOXED_TYPE (GKeyFile, g_key_file, g_key_file_ref, g_key_file_unref)
                                                                                                                             ^
gboxed.c:148:328: warning: typedef '_GStaticAssertCompileTimeAssertion_52' locally defined but not used [-Wunused-local-typedefs]
 G_DEFINE_BOXED_TYPE (GKeyFile, g_key_file, g_key_file_ref, g_key_file_unref)
                                                                                                                                                                                                                                                                                                                                        ^
gboxed.c:148:1092: warning: typedef '_GStaticAssertCompileTimeAssertion_53' locally defined but not used [-Wunused-local-typedefs]
 G_DEFINE_BOXED_TYPE (GKeyFile, g_key_file, g_key_file_ref, g_key_file_unref)
                                                                                                                                                                                                                                                                                                                                                                                                                                                                                                                                                                                                                                                                                                                                                                                                                                                                                                                                                                                                                                                                                                                                    ^
gboxed.c: In function 'g_main_loop_get_type':
gboxed.c:150:126: warning: typedef '_GStaticAssertCompileTimeAssertion_54' locally defined but not used [-Wunused-local-typedefs]
 G_DEFINE_BOXED_TYPE (GMainLoop, g_main_loop, g_main_loop_ref, g_main_loop_unref)
                                                                                                                              ^
gboxed.c:150:329: warning: typedef '_GStaticAssertCompileTimeAssertion_55' locally defined but not used [-Wunused-local-typedefs]
 G_DEFINE_BOXED_TYPE (GMainLoop, g_main_loop, g_main_loop_ref, g_main_loop_unref)
                                                                                                                                                                                                                                                                                                                                         ^
gboxed.c:150:1101: warning: typedef '_GStaticAssertCompileTimeAssertion_56' locally defined but not used [-Wunused-local-typedefs]
 G_DEFINE_BOXED_TYPE (GMainLoop, g_main_loop, g_main_loop_ref, g_main_loop_unref)
                                                                                                                                                                                                                                                                                                                                                                                                                                                                                                                                                                                                                                                                                                                                                                                                                                                                                                                                                                                                                                                                                                                                             ^
gboxed.c: In function 'g_main_context_get_type':
gboxed.c:151:129: warning: typedef '_GStaticAssertCompileTimeAssertion_57' locally defined but not used [-Wunused-local-typedefs]
 G_DEFINE_BOXED_TYPE (GMainContext, g_main_context, g_main_context_ref, g_main_context_unref)
                                                                                                                                 ^
gboxed.c:151:332: warning: typedef '_GStaticAssertCompileTimeAssertion_58' locally defined but not used [-Wunused-local-typedefs]
 G_DEFINE_BOXED_TYPE (GMainContext, g_main_context, g_main_context_ref, g_main_context_unref)
                                                                                                                                                                                                                                                                                                                                            ^
gboxed.c:151:1128: warning: typedef '_GStaticAssertCompileTimeAssertion_59' locally defined but not used [-Wunused-local-typedefs]
 G_DEFINE_BOXED_TYPE (GMainContext, g_main_context, g_main_context_ref, g_main_context_unref)
                                                                                                                                                                                                                                                                                                                                                                                                                                                                                                                                                                                                                                                                                                                                                                                                                                                                                                                                                                                                                                                                                                                                                                        ^
gboxed.c: In function 'g_source_get_type':
gboxed.c:152:123: warning: typedef '_GStaticAssertCompileTimeAssertion_60' locally defined but not used [-Wunused-local-typedefs]
 G_DEFINE_BOXED_TYPE (GSource, g_source, g_source_ref, g_source_unref)
                                                                                                                           ^
gboxed.c:152:326: warning: typedef '_GStaticAssertCompileTimeAssertion_61' locally defined but not used [-Wunused-local-typedefs]
 G_DEFINE_BOXED_TYPE (GSource, g_source, g_source_ref, g_source_unref)
                                                                                                                                                                                                                                                                                                                                      ^
gboxed.c:152:1080: warning: typedef '_GStaticAssertCompileTimeAssertion_62' locally defined but not used [-Wunused-local-typedefs]
 G_DEFINE_BOXED_TYPE (GSource, g_source, g_source_ref, g_source_unref)
                                                                                                                                                                                                                                                                                                                                                                                                                                                                                                                                                                                                                                                                                                                                                                                                                                                                                                                                                                                                                                                                                                                        ^
gboxed.c: In function 'g_strv_get_type':
gboxed.c:160:38: warning: typedef '_GStaticAssertCompileTimeAssertion_63' locally defined but not used [-Wunused-local-typedefs]
   if (g_once_init_enter (&g_define_type_id__volatile))
                                      ^
gboxed.c:160:241: warning: typedef '_GStaticAssertCompileTimeAssertion_64' locally defined but not used [-Wunused-local-typedefs]
   if (g_once_init_enter (&g_define_type_id__volatile))
                                                                                                                                                                                                                                                 ^
gboxed.c:167:38: warning: typedef '_GStaticAssertCompileTimeAssertion_65' locally defined but not used [-Wunused-local-typedefs]
       g_once_init_leave (&g_define_type_id__volatile, g_define_type_id);
                                      ^
