gdbusconnection.c: In function 'g_dbus_connection_get_type':
gdbusconnection.c:523:524: warning: typedef '_GStaticAssertCompileTimeAssertion_0' locally defined but not used [-Wunused-local-typedefs]
 G_DEFINE_TYPE_WITH_CODE (GDBusConnection, g_dbus_connection, G_TYPE_OBJECT,
                                                                                                                                                                                                                                                                                                                                                                                                                                                                                                                                            ^
gdbusconnection.c:523:726: warning: typedef '_GStaticAssertCompileTimeAssertion_1' locally defined but not used [-Wunused-local-typedefs]
 G_DEFINE_TYPE_WITH_CODE (GDBusConnection, g_dbus_connection, G_TYPE_OBJECT,
                                                                                                                                                                                                                                                                                                                                                                                                                                                                                                                                                                                                                                                                                                                                                      ^
gdbusconnection.c:523:1770: warning: typedef '_GStaticAssertCompileTimeAssertion_2' locally defined but not used [-Wunused-local-typedefs]
 G_DEFINE_TYPE_WITH_CODE (GDBusConnection, g_dbus_connection, G_TYPE_OBJECT,
                                                                                                                                                                                                                                                                                                                                                                                                                                                                                                                                                                                                                                                                                                                                                                                                                                                                                                                                                                                                                                                                                                                                                                                                                                                                                                                                                                                                                                                                                                                                                                                                                                                                                                                                                                                                                                          ^
gdbusconnection.c: In function 'check_initialized':
gdbusconnection.c:552:47: warning: typedef '_GStaticAssertCompileTimeAssertion_3' locally defined but not used [-Wunused-local-typedefs]
   gint flags = g_atomic_int_get (&connection->atomic_flags);
                                               ^
gdbusconnection.c: In function 'check_unclosed':
gdbusconnection.c:584:47: warning: typedef '_GStaticAssertCompileTimeAssertion_4' locally defined but not used [-Wunused-local-typedefs]
   gint flags = g_atomic_int_get (&connection->atomic_flags);
                                               ^
gdbusconnection.c: In function 'g_dbus_connection_real_closed':
gdbusconnection.c:782:47: warning: typedef '_GStaticAssertCompileTimeAssertion_5' locally defined but not used [-Wunused-local-typedefs]
   gint flags = g_atomic_int_get (&connection->atomic_flags);
                                               ^
gdbusconnection.c: In function 'g_dbus_connection_is_closed':
gdbusconnection.c:1173:42: warning: typedef '_GStaticAssertCompileTimeAssertion_6' locally defined but not used [-Wunused-local-typedefs]
   flags = g_atomic_int_get (&connection->atomic_flags);
                                          ^
gdbusconnection.c: In function 'send_message_data_ref':
gdbusconnection.c:1793:34: warning: typedef '_GStaticAssertCompileTimeAssertion_7' locally defined but not used [-Wunused-local-typedefs]
   g_atomic_int_inc (&data->ref_count);
                                  ^
gdbusconnection.c: In function 'send_message_data_unref':
gdbusconnection.c:1801:38: warning: typedef '_GStaticAssertCompileTimeAssertion_8' locally defined but not used [-Wunused-local-typedefs]
   if (g_atomic_int_dec_and_test (&data->ref_count))
                                      ^
gdbusconnection.c: In function 'on_worker_closed':
gdbusconnection.c:2479:53: warning: typedef '_GStaticAssertCompileTimeAssertion_9' locally defined but not used [-Wunused-local-typedefs]
   old_atomic_flags = g_atomic_int_or (&connection->atomic_flags, FLAG_CLOSED);
                                                     ^
gdbusconnection.c: In function 'initable_init':
gdbusconnection.c:2534:39: warning: typedef '_GStaticAssertCompileTimeAssertion_10' locally defined but not used [-Wunused-local-typedefs]
   if ((g_atomic_int_get (&connection->atomic_flags) & FLAG_INITIALIZED))
                                       ^
gdbusconnection.c:2690:34: warning: typedef '_GStaticAssertCompileTimeAssertion_11' locally defined but not used [-Wunused-local-typedefs]
   g_atomic_int_or (&connection->atomic_flags, FLAG_INITIALIZED);
                                  ^
gdbusconnection.c: In function 'g_dbus_connection_set_exit_on_close':
gdbusconnection.c:3010:36: warning: typedef '_GStaticAssertCompileTimeAssertion_12' locally defined but not used [-Wunused-local-typedefs]
     g_atomic_int_or (&connection->atomic_flags, FLAG_EXIT_ON_CLOSE);
                                    ^
gdbusconnection.c:3012:36: warning: typedef '_GStaticAssertCompileTimeAssertion_13' locally defined but not used [-Wunused-local-typedefs]
     g_atomic_int_and (&connection->atomic_flags, ~FLAG_EXIT_ON_CLOSE);
                                    ^
gdbusconnection.c: In function 'g_dbus_connection_get_exit_on_close':
gdbusconnection.c:3034:38: warning: typedef '_GStaticAssertCompileTimeAssertion_14' locally defined but not used [-Wunused-local-typedefs]
   if (g_atomic_int_get (&connection->atomic_flags) & FLAG_EXIT_ON_CLOSE)
                                      ^
gdbusconnection.c: In function 'g_dbus_connection_call_done':
gdbusconnection.c:5341:21: warning: typedef '_GStaticAssertCompileTimeAssertion_15' locally defined but not used [-Wunused-local-typedefs]
   g_clear_object (&reply);
                     ^
gdbusconnection.c:5341:307: warning: typedef '_GStaticAssertCompileTimeAssertion_16' locally defined but not used [-Wunused-local-typedefs]
   g_clear_object (&reply);
                                                                                                                                                                                                                                                                                                                   ^
gdbusconnection.c:5341:539: warning: typedef '_GStaticAssertCompileTimeAssertion_17' locally defined but not used [-Wunused-local-typedefs]
   g_clear_object (&reply);
                                                                                                                                                                                                                                                                                                                                                                                                                                                                                                                                                           ^
