gsettingsschema.c: In function 'g_settings_schema_source_get_type':
gsettingsschema.c:158:139: warning: typedef '_GStaticAssertCompileTimeAssertion_0' locally defined but not used [-Wunused-local-typedefs]
 G_DEFINE_BOXED_TYPE (GSettingsSchemaSource, g_settings_schema_source, g_settings_schema_source_ref, g_settings_schema_source_unref)
                                                                                                                                           ^
gsettingsschema.c:158:341: warning: typedef '_GStaticAssertCompileTimeAssertion_1' locally defined but not used [-Wunused-local-typedefs]
 G_DEFINE_BOXED_TYPE (GSettingsSchemaSource, g_settings_schema_source, g_settings_schema_source_ref, g_settings_schema_source_unref)
                                                                                                                                                                                                                                                                                                                                                     ^
gsettingsschema.c:158:1210: warning: typedef '_GStaticAssertCompileTimeAssertion_2' locally defined but not used [-Wunused-local-typedefs]
 G_DEFINE_BOXED_TYPE (GSettingsSchemaSource, g_settings_schema_source, g_settings_schema_source_ref, g_settings_schema_source_unref)
                                                                                                                                                                                                                                                                                                                                                                                                                                                                                                                                                                                                                                                                                                                                                                                                                                                                                                                                                                                                                                                                                                                                                                                                                                                          ^
gsettingsschema.c: In function 'g_settings_schema_get_type':
gsettingsschema.c:167:132: warning: typedef '_GStaticAssertCompileTimeAssertion_3' locally defined but not used [-Wunused-local-typedefs]
 G_DEFINE_BOXED_TYPE (GSettingsSchema, g_settings_schema, g_settings_schema_ref, g_settings_schema_unref)
                                                                                                                                    ^
gsettingsschema.c:167:334: warning: typedef '_GStaticAssertCompileTimeAssertion_4' locally defined but not used [-Wunused-local-typedefs]
 G_DEFINE_BOXED_TYPE (GSettingsSchema, g_settings_schema, g_settings_schema_ref, g_settings_schema_unref)
                                                                                                                                                                                                                                                                                                                                              ^
gsettingsschema.c:167:1153: warning: typedef '_GStaticAssertCompileTimeAssertion_5' locally defined but not used [-Wunused-local-typedefs]
 G_DEFINE_BOXED_TYPE (GSettingsSchema, g_settings_schema, g_settings_schema_ref, g_settings_schema_unref)
                                                                                                                                                                                                                                                                                                                                                                                                                                                                                                                                                                                                                                                                                                                                                                                                                                                                                                                                                                                                                                                                                                                                                                                                 ^
gsettingsschema.c: In function 'g_settings_schema_source_ref':
gsettingsschema.c:213:34: warning: typedef '_GStaticAssertCompileTimeAssertion_6' locally defined but not used [-Wunused-local-typedefs]
   g_atomic_int_inc (&source->ref_count);
                                  ^
gsettingsschema.c: In function 'g_settings_schema_source_unref':
gsettingsschema.c:229:38: warning: typedef '_GStaticAssertCompileTimeAssertion_7' locally defined but not used [-Wunused-local-typedefs]
   if (g_atomic_int_dec_and_test (&source->ref_count))
                                      ^
gsettingsschema.c: In function 'initialise_schema_sources':
gsettingsschema.c:315:98: warning: typedef '_GStaticAssertCompileTimeAssertion_8' locally defined but not used [-Wunused-local-typedefs]
   if G_UNLIKELY (g_once_init_enter (&initialised))
                                                                                                  ^
gsettingsschema.c:315:270: warning: typedef '_GStaticAssertCompileTimeAssertion_9' locally defined but not used [-Wunused-local-typedefs]
   if G_UNLIKELY (g_once_init_enter (&initialised))
                                                                                                                                                                                                                                                                              ^
gsettingsschema.c:353:38: warning: typedef '_GStaticAssertCompileTimeAssertion_10' locally defined but not used [-Wunused-local-typedefs]
       g_once_init_leave (&initialised, TRUE);
                                      ^
gsettingsschema.c: In function 'ensure_schema_lists':
gsettingsschema.c:461:38: warning: typedef '_GStaticAssertCompileTimeAssertion_11' locally defined but not used [-Wunused-local-typedefs]
   if (g_once_init_enter (&schema_lists_initialised))
                                      ^
gsettingsschema.c:461:237: warning: typedef '_GStaticAssertCompileTimeAssertion_12' locally defined but not used [-Wunused-local-typedefs]
   if (g_once_init_enter (&schema_lists_initialised))
                                                                                                                                                                                                                                             ^
gsettingsschema.c:519:38: warning: typedef '_GStaticAssertCompileTimeAssertion_13' locally defined but not used [-Wunused-local-typedefs]
       g_once_init_leave (&schema_lists_initialised, TRUE);
                                      ^
gsettingsschema.c: In function 'g_settings_schema_ref':
gsettingsschema.c:588:34: warning: typedef '_GStaticAssertCompileTimeAssertion_14' locally defined but not used [-Wunused-local-typedefs]
   g_atomic_int_inc (&schema->ref_count);
                                  ^
gsettingsschema.c: In function 'g_settings_schema_unref':
gsettingsschema.c:604:38: warning: typedef '_GStaticAssertCompileTimeAssertion_15' locally defined but not used [-Wunused-local-typedefs]
   if (g_atomic_int_dec_and_test (&schema->ref_count))
                                      ^
