gdbusprivate.c: In function '_g_dbus_shared_thread_ref':
gdbusprivate.c:293:38: warning: typedef '_GStaticAssertCompileTimeAssertion_0' locally defined but not used [-Wunused-local-typedefs]
   if (g_once_init_enter (&shared_thread_data))
                                      ^
gdbusprivate.c:293:224: warning: typedef '_GStaticAssertCompileTimeAssertion_1' locally defined but not used [-Wunused-local-typedefs]
   if (g_once_init_enter (&shared_thread_data))
                                                                                                                                                                                                                                ^
gdbusprivate.c:309:38: warning: typedef '_GStaticAssertCompileTimeAssertion_2' locally defined but not used [-Wunused-local-typedefs]
       g_once_init_leave (&shared_thread_data, (gsize) data);
                                      ^
gdbusprivate.c:313:34: warning: typedef '_GStaticAssertCompileTimeAssertion_3' locally defined but not used [-Wunused-local-typedefs]
   g_atomic_int_inc (&ret->refcount);
                                  ^
gdbusprivate.c: In function '_g_dbus_worker_ref':
gdbusprivate.c:449:34: warning: typedef '_GStaticAssertCompileTimeAssertion_4' locally defined but not used [-Wunused-local-typedefs]
   g_atomic_int_inc (&worker->ref_count);
                                  ^
gdbusprivate.c: In function '_g_dbus_worker_unref':
gdbusprivate.c:456:38: warning: typedef '_GStaticAssertCompileTimeAssertion_5' locally defined but not used [-Wunused-local-typedefs]
   if (g_atomic_int_dec_and_test (&worker->ref_count))
                                      ^
gdbusprivate.c: In function '_g_dbus_worker_emit_disconnected':
gdbusprivate.c:483:39: warning: typedef '_GStaticAssertCompileTimeAssertion_6' locally defined but not used [-Wunused-local-typedefs]
   if (!g_atomic_int_get (&worker->stopped))
                                       ^
gdbusprivate.c: In function '_g_dbus_worker_emit_message_received':
gdbusprivate.c:491:39: warning: typedef '_GStaticAssertCompileTimeAssertion_7' locally defined but not used [-Wunused-local-typedefs]
   if (!g_atomic_int_get (&worker->stopped))
                                       ^
gdbusprivate.c: In function '_g_dbus_worker_emit_message_about_to_be_sent':
gdbusprivate.c:500:39: warning: typedef '_GStaticAssertCompileTimeAssertion_8' locally defined but not used [-Wunused-local-typedefs]
   if (!g_atomic_int_get (&worker->stopped))
                                       ^
gdbusprivate.c: In function '_g_dbus_worker_do_read_cb':
gdbusprivate.c:582:38: warning: typedef '_GStaticAssertCompileTimeAssertion_9' locally defined but not used [-Wunused-local-typedefs]
   if (g_atomic_int_get (&worker->stopped))
                                      ^
gdbusprivate.c: In function '_g_dbus_worker_stop':
gdbusprivate.c:1727:34: warning: typedef '_GStaticAssertCompileTimeAssertion_10' locally defined but not used [-Wunused-local-typedefs]
   g_atomic_int_set (&worker->stopped, TRUE);
                                  ^
gdbusprivate.c: In function '_g_dbus_initialize':
gdbusprivate.c:1919:38: warning: typedef '_GStaticAssertCompileTimeAssertion_11' locally defined but not used [-Wunused-local-typedefs]
   if (g_once_init_enter (&initialized))
                                      ^
gdbusprivate.c:1919:211: warning: typedef '_GStaticAssertCompileTimeAssertion_12' locally defined but not used [-Wunused-local-typedefs]
   if (g_once_init_enter (&initialized))
                                                                                                                                                                                                                   ^
gdbusprivate.c:1948:38: warning: typedef '_GStaticAssertCompileTimeAssertion_13' locally defined but not used [-Wunused-local-typedefs]
       g_once_init_leave (&initialized, 1);
                                      ^
