gdbusobjectmanagerclient.c: In function 'g_dbus_object_manager_client_get_type':
gdbusobjectmanagerclient.c:176:628: warning: typedef '_GStaticAssertCompileTimeAssertion_0' locally defined but not used [-Wunused-local-typedefs]
 G_DEFINE_TYPE_WITH_CODE (GDBusObjectManagerClient, g_dbus_object_manager_client, G_TYPE_OBJECT,
                                                                                                                                                                                                                                                                                                                                                                                                                                                                                                                                                                                                                                                    ^
gdbusobjectmanagerclient.c:176:830: warning: typedef '_GStaticAssertCompileTimeAssertion_1' locally defined but not used [-Wunused-local-typedefs]
 G_DEFINE_TYPE_WITH_CODE (GDBusObjectManagerClient, g_dbus_object_manager_client, G_TYPE_OBJECT,
                                                                                                                                                                                                                                                                                                                                                                                                                                                                                                                                                                                                                                                                                                                                                                                                                                                              ^
gdbusobjectmanagerclient.c:176:2177: warning: typedef '_GStaticAssertCompileTimeAssertion_2' locally defined but not used [-Wunused-local-typedefs]
 G_DEFINE_TYPE_WITH_CODE (GDBusObjectManagerClient, g_dbus_object_manager_client, G_TYPE_OBJECT,
                                                                                                                                                                                                                                                                                                                                                                                                                                                                                                                                                                                                                                                                                                                                                                                                                                                                                                                                                                                                                                                                                                                                                                                                                                                                                                                                                                                                                                                                                                                                                                                                                                                                                                                                                                                                                                                                                                                                                                                                                                                                                                                                                                                                                                                                 ^
gdbusobjectmanagerclient.c: In function 'signal_cb':
gdbusobjectmanagerclient.c:1092:21: warning: typedef '_GStaticAssertCompileTimeAssertion_3' locally defined but not used [-Wunused-local-typedefs]
   g_clear_object (&object_proxy);
                     ^
gdbusobjectmanagerclient.c:1092:327: warning: typedef '_GStaticAssertCompileTimeAssertion_4' locally defined but not used [-Wunused-local-typedefs]
   g_clear_object (&object_proxy);
                                                                                                                                                                                                                                                                                                                                       ^
gdbusobjectmanagerclient.c:1092:558: warning: typedef '_GStaticAssertCompileTimeAssertion_5' locally defined but not used [-Wunused-local-typedefs]
   g_clear_object (&object_proxy);
                                                                                                                                                                                                                                                                                                                                                                                                                                                                                                                                                                              ^
