glocalfile.c: In function '_g_local_file_get_type':
glocalfile.c:100:475: warning: typedef '_GStaticAssertCompileTimeAssertion_0' locally defined but not used [-Wunused-local-typedefs]
 G_DEFINE_TYPE_WITH_CODE (GLocalFile, g_local_file, G_TYPE_OBJECT,
                                                                                                                                                                                                                                                                                                                                                                                                                                                                                           ^
glocalfile.c:100:677: warning: typedef '_GStaticAssertCompileTimeAssertion_1' locally defined but not used [-Wunused-local-typedefs]
 G_DEFINE_TYPE_WITH_CODE (GLocalFile, g_local_file, G_TYPE_OBJECT,
                                                                                                                                                                                                                                                                                                                                                                                                                                                                                                                                                                                                                                                                                                     ^
glocalfile.c:100:1460: warning: typedef '_GStaticAssertCompileTimeAssertion_2' locally defined but not used [-Wunused-local-typedefs]
 G_DEFINE_TYPE_WITH_CODE (GLocalFile, g_local_file, G_TYPE_OBJECT,
                                                                                                                                                                                                                                                                                                                                                                                                                                                                                                                                                                                                                                                                                                                                                                                                                                                                                                                                                                                                                                                                                                                                                                                                                                                                                                                                                                                                                                                                                                                    ^
glocalfile.c: In function 'g_local_file_query_writable_namespaces':
glocalfile.c:1246:38: warning: typedef '_GStaticAssertCompileTimeAssertion_3' locally defined but not used [-Wunused-local-typedefs]
   if (g_once_init_enter (&local_writable_namespaces))
                                      ^
glocalfile.c:1246:238: warning: typedef '_GStaticAssertCompileTimeAssertion_4' locally defined but not used [-Wunused-local-typedefs]
   if (g_once_init_enter (&local_writable_namespaces))
                                                                                                                                                                                                                                              ^
glocalfile.c:1269:38: warning: typedef '_GStaticAssertCompileTimeAssertion_5' locally defined but not used [-Wunused-local-typedefs]
       g_once_init_leave (&local_writable_namespaces, (gsize)list);
                                      ^
glocalfile.c: In function '_g_local_file_has_trash_dir':
glocalfile.c:1748:38: warning: typedef '_GStaticAssertCompileTimeAssertion_6' locally defined but not used [-Wunused-local-typedefs]
   if (g_once_init_enter (&home_dev_set))
                                      ^
glocalfile.c:1748:212: warning: typedef '_GStaticAssertCompileTimeAssertion_7' locally defined but not used [-Wunused-local-typedefs]
   if (g_once_init_enter (&home_dev_set))
                                                                                                                                                                                                                    ^
glocalfile.c:1754:38: warning: typedef '_GStaticAssertCompileTimeAssertion_8' locally defined but not used [-Wunused-local-typedefs]
       g_once_init_leave (&home_dev_set, 1);
                                      ^
