gappinfo.c: In function 'g_app_info_get_type':
gappinfo.c:89:189: warning: typedef '_GStaticAssertCompileTimeAssertion_0' locally defined but not used [-Wunused-local-typedefs]
 G_DEFINE_INTERFACE (GAppInfo, g_app_info, G_TYPE_OBJECT)
                                                                                                                                                                                             ^
gappinfo.c:89:391: warning: typedef '_GStaticAssertCompileTimeAssertion_1' locally defined but not used [-Wunused-local-typedefs]
 G_DEFINE_INTERFACE (GAppInfo, g_app_info, G_TYPE_OBJECT)
                                                                                                                                                                                                                                                                                                                                                                                                       ^
gappinfo.c:89:1016: warning: typedef '_GStaticAssertCompileTimeAssertion_2' locally defined but not used [-Wunused-local-typedefs]
 G_DEFINE_INTERFACE (GAppInfo, g_app_info, G_TYPE_OBJECT)
                                                                                                                                                                                                                                                                                                                                                                                                                                                                                                                                                                                                                                                                                                                                                                                                                                                                                                                                                                                                                                                        ^
gappinfo.c: In function 'g_app_launch_context_get_type':
gappinfo.c:785:551: warning: typedef '_GStaticAssertCompileTimeAssertion_3' locally defined but not used [-Wunused-local-typedefs]
 G_DEFINE_TYPE (GAppLaunchContext, g_app_launch_context, G_TYPE_OBJECT);
                                                                                                                                                                                                                                                                                                                                                                                                                                                                                                                                                                       ^
gappinfo.c:785:753: warning: typedef '_GStaticAssertCompileTimeAssertion_4' locally defined but not used [-Wunused-local-typedefs]
 G_DEFINE_TYPE (GAppLaunchContext, g_app_launch_context, G_TYPE_OBJECT);
                                                                                                                                                                                                                                                                                                                                                                                                                                                                                                                                                                                                                                                                                                                                                                                 ^
gappinfo.c:785:1342: warning: typedef '_GStaticAssertCompileTimeAssertion_5' locally defined but not used [-Wunused-local-typedefs]
 G_DEFINE_TYPE (GAppLaunchContext, g_app_launch_context, G_TYPE_OBJECT);
                                                                                                                                                                                                                                                                                                                                                                                                                                                                                                                                                                                                                                                                                                                                                                                                                                                                                                                                                                                                                                                                                                                                                                                                                                                                                                                                                                                              ^
