ginetaddressmask.c: In function 'g_inet_address_mask_get_type':
ginetaddressmask.c:54:541: warning: typedef '_GStaticAssertCompileTimeAssertion_0' locally defined but not used [-Wunused-local-typedefs]
 G_DEFINE_TYPE_WITH_CODE (GInetAddressMask, g_inet_address_mask, G_TYPE_OBJECT,
                                                                                                                                                                                                                                                                                                                                                                                                                                                                                                                                                             ^
ginetaddressmask.c:54:743: warning: typedef '_GStaticAssertCompileTimeAssertion_1' locally defined but not used [-Wunused-local-typedefs]
 G_DEFINE_TYPE_WITH_CODE (GInetAddressMask, g_inet_address_mask, G_TYPE_OBJECT,
                                                                                                                                                                                                                                                                                                                                                                                                                                                                                                                                                                                                                                                                                                                                                                       ^
ginetaddressmask.c:54:1573: warning: typedef '_GStaticAssertCompileTimeAssertion_2' locally defined but not used [-Wunused-local-typedefs]
 G_DEFINE_TYPE_WITH_CODE (GInetAddressMask, g_inet_address_mask, G_TYPE_OBJECT,
                                                                                                                                                                                                                                                                                                                                                                                                                                                                                                                                                                                                                                                                                                                                                                                                                                                                                                                                                                                                                                                                                                                                                                                                                                                                                                                                                                                                                                                                                                                                                                                                                                     ^
ginetaddressmask.c: In function 'g_inet_address_mask_dispose':
ginetaddressmask.c:131:21: warning: typedef '_GStaticAssertCompileTimeAssertion_3' locally defined but not used [-Wunused-local-typedefs]
   g_clear_object (&mask->priv->addr);
                     ^
ginetaddressmask.c:131:339: warning: typedef '_GStaticAssertCompileTimeAssertion_4' locally defined but not used [-Wunused-local-typedefs]
   g_clear_object (&mask->priv->addr);
                                                                                                                                                                                                                                                                                                                                                   ^
ginetaddressmask.c:131:570: warning: typedef '_GStaticAssertCompileTimeAssertion_5' locally defined but not used [-Wunused-local-typedefs]
   g_clear_object (&mask->priv->addr);
                                                                                                                                                                                                                                                                                                                                                                                                                                                                                                                                                                                          ^
