gsimpleasyncresult.c: In function 'g_simple_async_result_get_type':
gsimpleasyncresult.c:249:561: warning: typedef '_GStaticAssertCompileTimeAssertion_0' locally defined but not used [-Wunused-local-typedefs]
 G_DEFINE_TYPE_WITH_CODE (GSimpleAsyncResult, g_simple_async_result, G_TYPE_OBJECT,
                                                                                                                                                                                                                                                                                                                                                                                                                                                                                                                                                                                 ^
gsimpleasyncresult.c:249:763: warning: typedef '_GStaticAssertCompileTimeAssertion_1' locally defined but not used [-Wunused-local-typedefs]
 G_DEFINE_TYPE_WITH_CODE (GSimpleAsyncResult, g_simple_async_result, G_TYPE_OBJECT,
                                                                                                                                                                                                                                                                                                                                                                                                                                                                                                                                                                                                                                                                                                                                                                                           ^
gsimpleasyncresult.c:249:1613: warning: typedef '_GStaticAssertCompileTimeAssertion_2' locally defined but not used [-Wunused-local-typedefs]
 G_DEFINE_TYPE_WITH_CODE (GSimpleAsyncResult, g_simple_async_result, G_TYPE_OBJECT,
                                                                                                                                                                                                                                                                                                                                                                                                                                                                                                                                                                                                                                                                                                                                                                                                                                                                                                                                                                                                                                                                                                                                                                                                                                                                                                                                                                                                                                                                                                                                                                                                                                                                             ^
gsimpleasyncresult.c: In function 'g_simple_async_result_set_check_cancellable':
gsimpleasyncresult.c:1099:21: warning: typedef '_GStaticAssertCompileTimeAssertion_3' locally defined but not used [-Wunused-local-typedefs]
   g_clear_object (&simple->check_cancellable);
                     ^
gsimpleasyncresult.c:1099:366: warning: typedef '_GStaticAssertCompileTimeAssertion_4' locally defined but not used [-Wunused-local-typedefs]
   g_clear_object (&simple->check_cancellable);
                                                                                                                                                                                                                                                                                                                                                                              ^
gsimpleasyncresult.c:1099:597: warning: typedef '_GStaticAssertCompileTimeAssertion_5' locally defined but not used [-Wunused-local-typedefs]
   g_clear_object (&simple->check_cancellable);
                                                                                                                                                                                                                                                                                                                                                                                                                                                                                                                                                                                                                     ^
