gproxyaddressenumerator.c: In function 'g_proxy_address_enumerator_get_type':
gproxyaddressenumerator.c:42:611: warning: typedef '_GStaticAssertCompileTimeAssertion_0' locally defined but not used [-Wunused-local-typedefs]
 G_DEFINE_TYPE (GProxyAddressEnumerator, g_proxy_address_enumerator, G_TYPE_SOCKET_ADDRESS_ENUMERATOR);
                                                                                                                                                                                                                                                                                                                                                                                                                                                                                                                                                                                                                                   ^
gproxyaddressenumerator.c:42:813: warning: typedef '_GStaticAssertCompileTimeAssertion_1' locally defined but not used [-Wunused-local-typedefs]
 G_DEFINE_TYPE (GProxyAddressEnumerator, g_proxy_address_enumerator, G_TYPE_SOCKET_ADDRESS_ENUMERATOR);
                                                                                                                                                                                                                                                                                                                                                                                                                                                                                                                                                                                                                                                                                                                                                                                                                                             ^
gproxyaddressenumerator.c:42:1450: warning: typedef '_GStaticAssertCompileTimeAssertion_2' locally defined but not used [-Wunused-local-typedefs]
 G_DEFINE_TYPE (GProxyAddressEnumerator, g_proxy_address_enumerator, G_TYPE_SOCKET_ADDRESS_ENUMERATOR);
                                                                                                                                                                                                                                                                                                                                                                                                                                                                                                                                                                                                                                                                                                                                                                                                                                                                                                                                                                                                                                                                                                                                                                                                                                                                                                                                                                                                                                                                                                          ^
gproxyaddressenumerator.c: In function 'dest_hostname_lookup_cb':
gproxyaddressenumerator.c:456:25: warning: typedef '_GStaticAssertCompileTimeAssertion_3' locally defined but not used [-Wunused-local-typedefs]
       g_clear_object (&priv->proxy_address);
                         ^
gproxyaddressenumerator.c:456:352: warning: typedef '_GStaticAssertCompileTimeAssertion_4' locally defined but not used [-Wunused-local-typedefs]
       g_clear_object (&priv->proxy_address);
                                                                                                                                                                                                                                                                                                                                                                ^
gproxyaddressenumerator.c:456:583: warning: typedef '_GStaticAssertCompileTimeAssertion_5' locally defined but not used [-Wunused-local-typedefs]
       g_clear_object (&priv->proxy_address);
                                                                                                                                                                                                                                                                                                                                                                                                                                                                                                                                                                                                       ^
